[debug] [2022-07-07T18:56:06.251Z] ----------------------------------------------------------------------
[debug] [2022-07-07T18:56:06.256Z] Command:       /opt/bitnami/node/bin/node /home/liz/.yarn/bin/firebase init
[debug] [2022-07-07T18:56:06.257Z] CLI Version:   11.2.0
[debug] [2022-07-07T18:56:06.258Z] Platform:      linux
[debug] [2022-07-07T18:56:06.258Z] Node Version:  v16.15.1
[debug] [2022-07-07T18:56:06.259Z] Time:          Thu Jul 07 2022 18:56:06 GMT+0000 (Coordinated Universal Time)
[debug] [2022-07-07T18:56:06.259Z] ----------------------------------------------------------------------
[debug] 
[debug] [2022-07-07T18:56:06.484Z] > command requires scopes: ["email","openid","https://www.googleapis.com/auth/cloudplatformprojects.readonly","https://www.googleapis.com/auth/firebase","https://www.googleapis.com/auth/cloud-platform"]
[debug] [2022-07-07T18:56:06.485Z] > authorizing via signed-in user (lizxuenp@protonmail.com)
[info] 
     ######## #### ########  ######## ########     ###     ######  ########
     ##        ##  ##     ## ##       ##     ##  ##   ##  ##       ##
     ######    ##  ########  ######   ########  #########  ######  ######
     ##        ##  ##    ##  ##       ##     ## ##     ##       ## ##
     ##       #### ##     ## ######## ########  ##     ##  ######  ########

You're about to initialize a Firebase project in this directory:

  /home/liz/landing

Before we get started, keep in mind:

  * You are initializing within an existing Firebase project directory

[info] 
=== Project Setup
[info] 
[info] First, let's associate this project directory with a Firebase project.
[info] You can create multiple project aliases by running firebase use --add, 
[info] but for now we'll just set up a default project.
[info] 
[debug] [2022-07-07T18:57:22.154Z] Using project from CLI flag: liz-landing
[debug] [2022-07-07T18:57:22.162Z] >>> [apiv2][query] GET https://firebase.googleapis.com/v1beta1/projects/liz-landing [none]
[debug] [2022-07-07T18:57:22.691Z] <<< [apiv2][status] GET https://firebase.googleapis.com/v1beta1/projects/liz-landing 200
[debug] [2022-07-07T18:57:22.692Z] <<< [apiv2][body] GET https://firebase.googleapis.com/v1beta1/projects/liz-landing {"projectId":"liz-landing","projectNumber":"341469303807","displayName":"liz-landing","name":"projects/liz-landing","resources":{"hostingSite":"liz-landing","storageBucket":"liz-landing.appspot.com","locationId":"us-central"},"state":"ACTIVE"}
[info] i  Using project liz-landing (liz-landing) 
[info] 
=== Firestore Setup
[debug] [2022-07-07T18:57:22.703Z] >>> [apiv2][query] GET https://serviceusage.googleapis.com/v1/projects/liz-landing/services/firestore.googleapis.com [none]
[debug] [2022-07-07T18:57:24.390Z] <<< [apiv2][status] GET https://serviceusage.googleapis.com/v1/projects/liz-landing/services/firestore.googleapis.com 200
[debug] [2022-07-07T18:57:24.390Z] <<< [apiv2][body] GET https://serviceusage.googleapis.com/v1/projects/liz-landing/services/firestore.googleapis.com [omitted]
[debug] [2022-07-07T18:57:24.391Z] >>> [apiv2][query] GET https://appengine.googleapis.com/v1/apps/liz-landing [none]
[debug] [2022-07-07T18:57:24.893Z] <<< [apiv2][status] GET https://appengine.googleapis.com/v1/apps/liz-landing 200
[debug] [2022-07-07T18:57:24.893Z] <<< [apiv2][body] GET https://appengine.googleapis.com/v1/apps/liz-landing {"name":"apps/liz-landing","id":"liz-landing","authDomain":"gmail.com","locationId":"us-central","codeBucket":"staging.liz-landing.appspot.com","servingStatus":"SERVING","defaultHostname":"liz-landing.uc.r.appspot.com","defaultBucket":"liz-landing.appspot.com","serviceAccount":"liz-landing@appspot.gserviceaccount.com","gcrDomain":"us.gcr.io","databaseType":"CLOUD_FIRESTORE","featureSettings":{"splitHealthChecks":true,"useContainerOptimizedOs":true}}
[debug] [2022-07-07T18:57:24.893Z] database_type: CLOUD_FIRESTORE
[debug] [2022-07-07T18:57:24.894Z] > command requires scopes: ["email","openid","https://www.googleapis.com/auth/cloudplatformprojects.readonly","https://www.googleapis.com/auth/firebase","https://www.googleapis.com/auth/cloud-platform"]
[debug] [2022-07-07T18:57:24.894Z] > authorizing via signed-in user (lizxuenp@protonmail.com)
[debug] [2022-07-07T18:57:24.894Z] [iam] checking project liz-landing for permissions ["firebase.projects.get"]
[debug] [2022-07-07T18:57:24.895Z] >>> [apiv2][query] POST https://cloudresourcemanager.googleapis.com/v1/projects/liz-landing:testIamPermissions [none]
[debug] [2022-07-07T18:57:24.896Z] >>> [apiv2][body] POST https://cloudresourcemanager.googleapis.com/v1/projects/liz-landing:testIamPermissions {"permissions":["firebase.projects.get"]}
[debug] [2022-07-07T18:57:26.052Z] <<< [apiv2][status] POST https://cloudresourcemanager.googleapis.com/v1/projects/liz-landing:testIamPermissions 200
[debug] [2022-07-07T18:57:26.052Z] <<< [apiv2][body] POST https://cloudresourcemanager.googleapis.com/v1/projects/liz-landing:testIamPermissions {"permissions":["firebase.projects.get"]}
[info] 
[info] Firestore Security Rules allow you to define how and when to allow
[info] requests. You can keep these rules in your project directory
[info] and publish them with firebase deploy.
[info] 
[debug] [2022-07-07T18:57:33.422Z] >>> [apiv2][query] GET https://firebaserules.googleapis.com/v1/projects/liz-landing/releases pageSize=10&pageToken=
[debug] [2022-07-07T18:57:34.059Z] <<< [apiv2][status] GET https://firebaserules.googleapis.com/v1/projects/liz-landing/releases 200
[debug] [2022-07-07T18:57:34.059Z] <<< [apiv2][body] GET https://firebaserules.googleapis.com/v1/projects/liz-landing/releases {"releases":[{"name":"projects/liz-landing/releases/cloud.firestore","rulesetName":"projects/liz-landing/rulesets/888b0646-b837-4733-89cf-e0a0cf60096f","createTime":"2022-07-07T06:16:35.997272Z","updateTime":"2022-07-07T06:16:35.997272Z"}]}
[debug] [2022-07-07T18:57:34.060Z] Found ruleset: projects/liz-landing/rulesets/888b0646-b837-4733-89cf-e0a0cf60096f
[debug] [2022-07-07T18:57:34.061Z] >>> [apiv2][query] GET https://firebaserules.googleapis.com/v1/projects/liz-landing/rulesets/888b0646-b837-4733-89cf-e0a0cf60096f [none]
[debug] [2022-07-07T18:57:35.546Z] <<< [apiv2][status] GET https://firebaserules.googleapis.com/v1/projects/liz-landing/rulesets/888b0646-b837-4733-89cf-e0a0cf60096f 200
[debug] [2022-07-07T18:57:35.547Z] <<< [apiv2][body] GET https://firebaserules.googleapis.com/v1/projects/liz-landing/rulesets/888b0646-b837-4733-89cf-e0a0cf60096f [omitted]
[info] 
[info] Firestore indexes allow you to perform complex queries while
[info] maintaining performance that scales with the size of the result
[info] set. You can keep index definitions in your project directory
[info] and publish them with firebase deploy.
[info] 
[debug] [2022-07-07T18:57:42.933Z] >>> [apiv2][query] GET https://firestore.googleapis.com/v1/projects/liz-landing/databases/(default)/collectionGroups/-/indexes [none]
[debug] [2022-07-07T18:57:42.937Z] >>> [apiv2][query] GET https://firestore.googleapis.com/v1/projects/liz-landing/databases/(default)/collectionGroups/-/fields?filter=indexConfig.usesAncestorConfig=false [none]
[debug] [2022-07-07T18:57:44.477Z] <<< [apiv2][status] GET https://firestore.googleapis.com/v1/projects/liz-landing/databases/(default)/collectionGroups/-/fields?filter=indexConfig.usesAncestorConfig=false 200
[debug] [2022-07-07T18:57:44.478Z] <<< [apiv2][body] GET https://firestore.googleapis.com/v1/projects/liz-landing/databases/(default)/collectionGroups/-/fields?filter=indexConfig.usesAncestorConfig=false {"fields":[{"name":"projects/liz-landing/databases/(default)/collectionGroups/__default__/fields/*","indexConfig":{"indexes":[{"queryScope":"COLLECTION","fields":[{"fieldPath":"*","order":"ASCENDING"}],"state":"READY"},{"queryScope":"COLLECTION","fields":[{"fieldPath":"*","order":"DESCENDING"}],"state":"READY"},{"queryScope":"COLLECTION","fields":[{"fieldPath":"*","arrayConfig":"CONTAINS"}],"state":"READY"}]}}]}
[debug] [2022-07-07T18:57:44.497Z] <<< [apiv2][status] GET https://firestore.googleapis.com/v1/projects/liz-landing/databases/(default)/collectionGroups/-/indexes 200
[debug] [2022-07-07T18:57:44.497Z] <<< [apiv2][body] GET https://firestore.googleapis.com/v1/projects/liz-landing/databases/(default)/collectionGroups/-/indexes {}
[info] 
=== Hosting Setup
[info] 
[info] Your public directory is the folder (relative to your project directory) that
[info] will contain Hosting assets to be uploaded with firebase deploy. If you
[info] have a build process for your assets, use your build's output directory.
[info] 
[debug] [2022-07-07T18:58:05.793Z] >>> [apiv2][query] GET https://www.gstatic.com/firebasejs/releases.json [none]
[debug] [2022-07-07T18:58:05.929Z] <<< [apiv2][status] GET https://www.gstatic.com/firebasejs/releases.json 200
[debug] [2022-07-07T18:58:05.930Z] <<< [apiv2][body] GET https://www.gstatic.com/firebasejs/releases.json {"current":{"version":"9.8.4","browserURL":"https://www.gstatic.com/firebasejs/9.8.4/firebase.js","packageURL":"https://www.gstatic.com/firebasejs/9.8.4/firebase.tgz"},"live":{"version":"9.8","browserURL":"https://www.gstatic.com/firebasejs/live/9.8/firebase.js","packageURL":"https://www.gstatic.com/firebasejs/live/9.8/firebase.tgz"},"components":{"analytics":"https://www.gstatic.com/firebasejs/9.8.4/firebase-analytics.js","app":"https://www.gstatic.com/firebasejs/9.8.4/firebase-app.js","app-check":"https://www.gstatic.com/firebasejs/9.8.4/firebase-app-check.js","auth":"https://www.gstatic.com/firebasejs/9.8.4/firebase-auth.js","auth/cordova":"https://www.gstatic.com/firebasejs/9.8.4/firebase-auth/cordova.js","auth/react-native":"https://www.gstatic.com/firebasejs/9.8.4/firebase-auth/react-native.js","functions":"https://www.gstatic.com/firebasejs/9.8.4/firebase-functions.js","firestore":"https://www.gstatic.com/firebasejs/9.8.4/firebase-firestore.js","firestore/lite":"https://www.gstatic.com/firebasejs/9.8.4/firebase-firestore/lite.js","storage":"https://www.gstatic.com/firebasejs/9.8.4/firebase-storage.js","performance":"https://www.gstatic.com/firebasejs/9.8.4/firebase-performance.js","remote-config":"https://www.gstatic.com/firebasejs/9.8.4/firebase-remote-config.js","messaging":"https://www.gstatic.com/firebasejs/9.8.4/firebase-messaging.js","messaging/sw":"https://www.gstatic.com/firebasejs/9.8.4/firebase-messaging/sw.js","database":"https://www.gstatic.com/firebasejs/9.8.4/firebase-database.js","firestore.memory":"https://www.gstatic.com/firebasejs/9.8.4/firebase-firestore.memory.js"}}
[info] i  Skipping write of out/index.html 
[info] 
[info] i  Detected a .git folder at /home/liz/landing 
[info] i  Authorizing with GitHub to upload your service account to a GitHub repository's secrets store. 
[info] 
[info] Visit this URL on this device to log in:
[info] https://github.com/login/oauth/authorize?client_id=89cf50f02ac6aaed3484&state=569955217&redirect_uri=http%3A%2F%2Flocalhost%3A9005&scope=read%3Auser%20repo%20public_repo
[info] 
[info] Waiting for authentication...
[debug] [2022-07-07T18:59:19.475Z] ----------------------------------------------------------------------
[debug] [2022-07-07T18:59:19.483Z] Command:       /opt/bitnami/node/bin/node /home/liz/.yarn/bin/firebase init
[debug] [2022-07-07T18:59:19.484Z] CLI Version:   11.2.0
[debug] [2022-07-07T18:59:19.485Z] Platform:      linux
[debug] [2022-07-07T18:59:19.485Z] Node Version:  v16.15.1
[debug] [2022-07-07T18:59:19.486Z] Time:          Thu Jul 07 2022 18:59:19 GMT+0000 (Coordinated Universal Time)
[debug] [2022-07-07T18:59:19.486Z] ----------------------------------------------------------------------
[debug] 
[debug] [2022-07-07T18:59:19.715Z] > command requires scopes: ["email","openid","https://www.googleapis.com/auth/cloudplatformprojects.readonly","https://www.googleapis.com/auth/firebase","https://www.googleapis.com/auth/cloud-platform"]
[debug] [2022-07-07T18:59:19.716Z] > authorizing via signed-in user (lizxuenp@protonmail.com)
[info] 
     ######## #### ########  ######## ########     ###     ######  ########
     ##        ##  ##     ## ##       ##     ##  ##   ##  ##       ##
     ######    ##  ########  ######   ########  #########  ######  ######
     ##        ##  ##    ##  ##       ##     ## ##     ##       ## ##
     ##       #### ##     ## ######## ########  ##     ##  ######  ########

You're about to initialize a Firebase project in this directory:

  /home/liz/landing

Before we get started, keep in mind:

  * You are initializing within an existing Firebase project directory

[info] 
=== Project Setup
[info] 
[info] First, let's associate this project directory with a Firebase project.
[info] You can create multiple project aliases by running firebase use --add, 
[info] but for now we'll just set up a default project.
[info] 
[debug] [2022-07-07T19:01:29.457Z] Using project from CLI flag: liz-landing
[debug] [2022-07-07T19:01:29.463Z] >>> [apiv2][query] GET https://firebase.googleapis.com/v1beta1/projects/liz-landing [none]
[debug] [2022-07-07T19:01:29.956Z] <<< [apiv2][status] GET https://firebase.googleapis.com/v1beta1/projects/liz-landing 200
[debug] [2022-07-07T19:01:29.957Z] <<< [apiv2][body] GET https://firebase.googleapis.com/v1beta1/projects/liz-landing {"projectId":"liz-landing","projectNumber":"341469303807","displayName":"liz-landing","name":"projects/liz-landing","resources":{"hostingSite":"liz-landing","storageBucket":"liz-landing.appspot.com","locationId":"us-central"},"state":"ACTIVE"}
[info] i  Using project liz-landing (liz-landing) 
[info] 
=== Firestore Setup
[debug] [2022-07-07T19:01:29.965Z] >>> [apiv2][query] GET https://serviceusage.googleapis.com/v1/projects/liz-landing/services/firestore.googleapis.com [none]
[debug] [2022-07-07T19:01:31.586Z] <<< [apiv2][status] GET https://serviceusage.googleapis.com/v1/projects/liz-landing/services/firestore.googleapis.com 200
[debug] [2022-07-07T19:01:31.586Z] <<< [apiv2][body] GET https://serviceusage.googleapis.com/v1/projects/liz-landing/services/firestore.googleapis.com [omitted]
[debug] [2022-07-07T19:01:31.587Z] >>> [apiv2][query] GET https://appengine.googleapis.com/v1/apps/liz-landing [none]
[debug] [2022-07-07T19:01:32.155Z] <<< [apiv2][status] GET https://appengine.googleapis.com/v1/apps/liz-landing 200
[debug] [2022-07-07T19:01:32.155Z] <<< [apiv2][body] GET https://appengine.googleapis.com/v1/apps/liz-landing {"name":"apps/liz-landing","id":"liz-landing","authDomain":"gmail.com","locationId":"us-central","codeBucket":"staging.liz-landing.appspot.com","servingStatus":"SERVING","defaultHostname":"liz-landing.uc.r.appspot.com","defaultBucket":"liz-landing.appspot.com","serviceAccount":"liz-landing@appspot.gserviceaccount.com","gcrDomain":"us.gcr.io","databaseType":"CLOUD_FIRESTORE","featureSettings":{"splitHealthChecks":true,"useContainerOptimizedOs":true}}
[debug] [2022-07-07T19:01:32.156Z] database_type: CLOUD_FIRESTORE
[debug] [2022-07-07T19:01:32.156Z] > command requires scopes: ["email","openid","https://www.googleapis.com/auth/cloudplatformprojects.readonly","https://www.googleapis.com/auth/firebase","https://www.googleapis.com/auth/cloud-platform"]
[debug] [2022-07-07T19:01:32.157Z] > authorizing via signed-in user (lizxuenp@protonmail.com)
[debug] [2022-07-07T19:01:32.157Z] [iam] checking project liz-landing for permissions ["firebase.projects.get"]
[debug] [2022-07-07T19:01:32.157Z] >>> [apiv2][query] POST https://cloudresourcemanager.googleapis.com/v1/projects/liz-landing:testIamPermissions [none]
[debug] [2022-07-07T19:01:32.158Z] >>> [apiv2][body] POST https://cloudresourcemanager.googleapis.com/v1/projects/liz-landing:testIamPermissions {"permissions":["firebase.projects.get"]}
[debug] [2022-07-07T19:01:33.325Z] <<< [apiv2][status] POST https://cloudresourcemanager.googleapis.com/v1/projects/liz-landing:testIamPermissions 200
[debug] [2022-07-07T19:01:33.326Z] <<< [apiv2][body] POST https://cloudresourcemanager.googleapis.com/v1/projects/liz-landing:testIamPermissions {"permissions":["firebase.projects.get"]}
[info] 
[info] Firestore Security Rules allow you to define how and when to allow
[info] requests. You can keep these rules in your project directory
[info] and publish them with firebase deploy.
[info] 
[debug] [2022-07-07T19:01:39.719Z] >>> [apiv2][query] GET https://firebaserules.googleapis.com/v1/projects/liz-landing/releases pageSize=10&pageToken=
[debug] [2022-07-07T19:01:41.215Z] <<< [apiv2][status] GET https://firebaserules.googleapis.com/v1/projects/liz-landing/releases 200
[debug] [2022-07-07T19:01:41.215Z] <<< [apiv2][body] GET https://firebaserules.googleapis.com/v1/projects/liz-landing/releases {"releases":[{"name":"projects/liz-landing/releases/cloud.firestore","rulesetName":"projects/liz-landing/rulesets/888b0646-b837-4733-89cf-e0a0cf60096f","createTime":"2022-07-07T06:16:35.997272Z","updateTime":"2022-07-07T06:16:35.997272Z"}]}
[debug] [2022-07-07T19:01:41.216Z] Found ruleset: projects/liz-landing/rulesets/888b0646-b837-4733-89cf-e0a0cf60096f
[debug] [2022-07-07T19:01:41.217Z] >>> [apiv2][query] GET https://firebaserules.googleapis.com/v1/projects/liz-landing/rulesets/888b0646-b837-4733-89cf-e0a0cf60096f [none]
[debug] [2022-07-07T19:01:42.664Z] <<< [apiv2][status] GET https://firebaserules.googleapis.com/v1/projects/liz-landing/rulesets/888b0646-b837-4733-89cf-e0a0cf60096f 200
[debug] [2022-07-07T19:01:42.664Z] <<< [apiv2][body] GET https://firebaserules.googleapis.com/v1/projects/liz-landing/rulesets/888b0646-b837-4733-89cf-e0a0cf60096f [omitted]
[info] 
[info] Firestore indexes allow you to perform complex queries while
[info] maintaining performance that scales with the size of the result
[info] set. You can keep index definitions in your project directory
[info] and publish them with firebase deploy.
[info] 
[debug] [2022-07-07T19:01:46.421Z] >>> [apiv2][query] GET https://firestore.googleapis.com/v1/projects/liz-landing/databases/(default)/collectionGroups/-/indexes [none]
[debug] [2022-07-07T19:01:46.426Z] >>> [apiv2][query] GET https://firestore.googleapis.com/v1/projects/liz-landing/databases/(default)/collectionGroups/-/fields?filter=indexConfig.usesAncestorConfig=false [none]
[debug] [2022-07-07T19:01:47.830Z] <<< [apiv2][status] GET https://firestore.googleapis.com/v1/projects/liz-landing/databases/(default)/collectionGroups/-/fields?filter=indexConfig.usesAncestorConfig=false 200
[debug] [2022-07-07T19:01:47.831Z] <<< [apiv2][body] GET https://firestore.googleapis.com/v1/projects/liz-landing/databases/(default)/collectionGroups/-/fields?filter=indexConfig.usesAncestorConfig=false {"fields":[{"name":"projects/liz-landing/databases/(default)/collectionGroups/__default__/fields/*","indexConfig":{"indexes":[{"queryScope":"COLLECTION","fields":[{"fieldPath":"*","order":"ASCENDING"}],"state":"READY"},{"queryScope":"COLLECTION","fields":[{"fieldPath":"*","order":"DESCENDING"}],"state":"READY"},{"queryScope":"COLLECTION","fields":[{"fieldPath":"*","arrayConfig":"CONTAINS"}],"state":"READY"}]}}]}
[debug] [2022-07-07T19:01:47.973Z] <<< [apiv2][status] GET https://firestore.googleapis.com/v1/projects/liz-landing/databases/(default)/collectionGroups/-/indexes 200
[debug] [2022-07-07T19:01:47.973Z] <<< [apiv2][body] GET https://firestore.googleapis.com/v1/projects/liz-landing/databases/(default)/collectionGroups/-/indexes {}
[info] 
=== Hosting Setup
[info] 
[info] Your public directory is the folder (relative to your project directory) that
[info] will contain Hosting assets to be uploaded with firebase deploy. If you
[info] have a build process for your assets, use your build's output directory.
[info] 
[debug] [2022-07-07T19:03:48.578Z] >>> [apiv2][query] GET https://www.gstatic.com/firebasejs/releases.json [none]
[debug] [2022-07-07T19:03:48.725Z] <<< [apiv2][status] GET https://www.gstatic.com/firebasejs/releases.json 200
[debug] [2022-07-07T19:03:48.725Z] <<< [apiv2][body] GET https://www.gstatic.com/firebasejs/releases.json {"current":{"version":"9.8.4","browserURL":"https://www.gstatic.com/firebasejs/9.8.4/firebase.js","packageURL":"https://www.gstatic.com/firebasejs/9.8.4/firebase.tgz"},"live":{"version":"9.8","browserURL":"https://www.gstatic.com/firebasejs/live/9.8/firebase.js","packageURL":"https://www.gstatic.com/firebasejs/live/9.8/firebase.tgz"},"components":{"analytics":"https://www.gstatic.com/firebasejs/9.8.4/firebase-analytics.js","app":"https://www.gstatic.com/firebasejs/9.8.4/firebase-app.js","app-check":"https://www.gstatic.com/firebasejs/9.8.4/firebase-app-check.js","auth":"https://www.gstatic.com/firebasejs/9.8.4/firebase-auth.js","auth/cordova":"https://www.gstatic.com/firebasejs/9.8.4/firebase-auth/cordova.js","auth/react-native":"https://www.gstatic.com/firebasejs/9.8.4/firebase-auth/react-native.js","functions":"https://www.gstatic.com/firebasejs/9.8.4/firebase-functions.js","firestore":"https://www.gstatic.com/firebasejs/9.8.4/firebase-firestore.js","firestore/lite":"https://www.gstatic.com/firebasejs/9.8.4/firebase-firestore/lite.js","storage":"https://www.gstatic.com/firebasejs/9.8.4/firebase-storage.js","performance":"https://www.gstatic.com/firebasejs/9.8.4/firebase-performance.js","remote-config":"https://www.gstatic.com/firebasejs/9.8.4/firebase-remote-config.js","messaging":"https://www.gstatic.com/firebasejs/9.8.4/firebase-messaging.js","messaging/sw":"https://www.gstatic.com/firebasejs/9.8.4/firebase-messaging/sw.js","database":"https://www.gstatic.com/firebasejs/9.8.4/firebase-database.js","firestore.memory":"https://www.gstatic.com/firebasejs/9.8.4/firebase-firestore.memory.js"}}
[info] i  Skipping write of out/index.html 
[info] 
[info] i  Detected a .git folder at /home/liz/landing 
[info] i  Authorizing with GitHub to upload your service account to a GitHub repository's secrets store. 
[info] 
[info] Visit this URL on this device to log in:
[info] https://github.com/login/oauth/authorize?client_id=89cf50f02ac6aaed3484&state=573711611&redirect_uri=http%3A%2F%2Flocalhost%3A9005&scope=read%3Auser%20repo%20public_repo
[info] 
[info] Waiting for authentication...
